2025-07-04 13:43:47,994 - INFO - Video dosyası yüklendi: ornek.mp4
2025-07-04 13:43:47,994 - INFO - Gömülü altyazılar aranıyor...
2025-07-04 13:43:48,211 - WARNING - Video dosyasında gömülü altyazı bulunamadı
2025-07-04 13:43:48,212 - INFO - Ses transkripsiyon işlemi başlatılıyor...
2025-07-04 13:43:48,212 - INFO - Whisper model yükleniyor: base
2025-07-04 13:44:01,396 - INFO - Video dosyasından ses çıkarılıyor...
2025-07-04 13:44:01,651 - INFO - Ses transkripsiyon işlemi yapılıyor...
2025-07-04 13:44:01,657 - WARNING - /Users/mac/Library/Python/3.9/lib/python/site-packages/whisper/transcribe.py:115: UserWarning: FP16 is not supported on CPU; using FP32 instead
  warnings.warn("FP16 is not supported on CPU; using FP32 instead")

2025-07-04 13:44:02,858 - INFO - Ses transkripsiyon tamamlandı: subtitles/ornek_transcribed.srt
2025-07-04 13:44:46,951 - INFO - Video dosyası yüklendi: ornek.mp4
2025-07-04 13:44:46,951 - INFO - Ses transkripsiyon işlemi başlatılıyor...
2025-07-04 13:44:46,951 - INFO - Whisper model yükleniyor: tiny
2025-07-04 13:44:54,610 - INFO - Video dosyasından ses çıkarılıyor...
2025-07-04 13:44:54,791 - INFO - Ses transkripsiyon işlemi yapılıyor...
2025-07-04 13:44:54,796 - WARNING - /Users/mac/Library/Python/3.9/lib/python/site-packages/whisper/transcribe.py:115: UserWarning: FP16 is not supported on CPU; using FP32 instead
  warnings.warn("FP16 is not supported on CPU; using FP32 instead")

2025-07-04 13:44:55,552 - INFO - Ses transkripsiyon tamamlandı: test_output/ornek_transcribed.srt
2025-07-04 13:46:06,799 - INFO - Video dosyası yüklendi: ornek.mp4
2025-07-04 13:46:06,799 - INFO - Gömülü altyazılar aranıyor...
2025-07-04 13:46:06,844 - WARNING - Video dosyasında gömülü altyazı bulunamadı
2025-07-04 13:46:06,844 - INFO - Ses transkripsiyon işlemi başlatılıyor...
2025-07-04 13:46:06,844 - INFO - Whisper model yükleniyor: base
2025-07-04 13:46:07,217 - INFO - Video dosyasından ses çıkarılıyor...
2025-07-04 13:46:07,409 - INFO - Ses transkripsiyon işlemi yapılıyor...
2025-07-04 13:46:07,414 - WARNING - /Users/mac/Library/Python/3.9/lib/python/site-packages/whisper/transcribe.py:115: UserWarning: FP16 is not supported on CPU; using FP32 instead
  warnings.warn("FP16 is not supported on CPU; using FP32 instead")

2025-07-04 13:46:08,410 - INFO - Ses transkripsiyon tamamlandı: subtitles/ornek_transcribed.srt
